Microsoft (R) Windows Script Host Version 5.812
Copyright (C) Microsoft Corporation. All rights reserved.

SeS Player Starting...
Rapise Version:7.4.27.74
Verbose level:1
Creating a locator:Spreadsheet
Creating a locator:HTML
Creating a locator:HTML FPP
Checking global object: Generator
Global object Generator is not defined yet
Assembling global object: Generator
Action found: GetNextValue
Action found: Create
Action found: Format
Creating a locator:REST
Creating a locator:SOAP
Checking global object: Spira
Global object Spira is not defined yet
Assembling global object: Spira
Action found: GetHostToken
Action found: GetProjectId
Action found: GetAutomationHostId
Action found: RunTestSet
Action found: CreateIncident
Action found: GetTestCaseById
Action found: UpdateTestCase
Action found: CreateTestCase
Action found: GetTestCaseFolders
Action found: CreateTestCaseFolder
Action found: GetTestCasesInFolder
Action found: GetProjectById
Action found: GetTestCaseTypes
Initializing Web, g_browserLibrary=Selenium
Creating a locator:UIAutomation
Creating a locator:UIAutomation2
###PoM (-2)
###Starting scenario: Test (-2)
SeS Executor Starting...
Verbose level:1

Regression test case

Going to run 1 of 1 tests...
Params: 

RUNNING: TC06
Deleting Output Log from previous run: C:\\Users\\LQA\\Documents\\My Rapise Tests\\PoM\\summary.log
Deleting Error Log from previous run: C:\Users\LQA\Documents\My Rapise Tests\PoM\error.log
Command line: "C:\Program Files (x86)\Inflectra\Rapise\Engine\rsplay.bat" "C:\Users\LQA\Documents\My Rapise Tests\PoM\TC06\Main.js" "-eval:g_verboseLevel=1" "-eval:g_sstestPath='C:\\Users\\LQA\\Documents\\My Rapise Tests\\PoM\\TC06\\TC06.sstest'" "-eval:g_testTags='C:\\Users\\LQA\\Documents\\My Rapise Tests\\PoM\\TC06'" "-eval:g_userFunctionsFileName='C:\\Users\\LQA\\Documents\\My Rapise Tests\\PoM\\TC06\\User.js'" "-eval:g_scriptObjectsFileName='C:\\Users\\LQA\\Documents\\My Rapise Tests\\PoM\\TC06\\Objects.js'" "-eval:g_objectsMetadataFileName='C:\\Users\\LQA\\Documents\\My Rapise Tests\\PoM\\TC06\\Objects.metadata'" "-eval:g_reportFileName='C:\\Users\\LQA\\Documents\\My Rapise Tests\\PoM\\TC06\\TC06.trp'" "-eval:g_commandInterval=1000" "-eval:g_iterationsCount=1" "-eval:g_stopOnError=true" "-eval:g_cacheObjects=false" "-eval:g_objectLookupAttempts=30" "-eval:g_objectLookupAttemptInterval=300" "-eval:g_beautifySavedObjects=true" "-eval:g_saveRecordingScreenshots=false" "-eval:g_savePlaybackScreenshots=false" "-eval:g_savePlaybackScreenshotsInTestReport=false" "-eval:g_saveScreenshotObjectOnly=false" "-eval:g_saveScreenshotsCaptureCursor=true" "-eval:g_saveScreenshotOnFailure=false" "-eval:g_entryPointName='Test'" "-eval:g_workDir='C:\\Users\\LQA\\Documents\\My Rapise Tests\\PoM'" "-eval:g_browserLibrary='Selenium - Chrome'" "-eval:g_rWnd='regex:.*'" "-eval:g_rvlScriptPath='%WORKDIR%\\TC06\\Main.rvl.xlsx'" "-eval:g_logToFile=true;g_logFileName='C:\\Users\\LQA\\Documents\\My Rapise Tests\\PoM\\summary.log'" "-eval:g_reportFileName='C:\\Users\\LQA\\Documents\\My Rapise Tests\\PoM\\last.trp'" "-eval:g_enablePopupMessages=false"
