Microsoft (R) Windows Script Host Version 5.812
Copyright (C) Microsoft Corporation. All rights reserved.

SeS Recorder Starting...

Rapise Version:7.4.27.74
Verbose level:1
Recording script file:C:\Users\LQA\Documents\My Rapise Tests\PoM\LoginPass\Main.js
Recording window title:regex:.* class:regex:.*
Creating a locator:HTML
Creating a locator:HTML FPP
started:1687149802246
Initializing Web, g_browserLibrary=Selenium
Creating a locator:UIAutomation
Creating a locator:UIAutomation2
Failed to kill selenium driver process with pid: 11292
SeSRequestString: Browser URL returned: https://www.hotdeal.vn/ho-chi-minh/
###Action[1]:Open initial URL in browser
Using default WebAppProfile
************!!!!!!!!!!!!!!!!!!**************
MatchedObject:null
************!!!!!!!!!!!!!!!!!!**************
MatchedObject:null
************!!!!!!!!!!!!!!!!!!**************
MatchedObject:null
************!!!!!!!!!!!!!!!!!!**************
MatchedObject:null
************!!!!!!!!!!!!!!!!!!**************
MatchedObject:null
Attach result: Rapise WebSpy code embedded into Selenium
Attempt: 1 obj at point:  HWND at point 1347, 214: Chrome Legacy Window[Chrome_RenderWidgetHostHWND] PID:6048
************!!!!!!!!!!!!!!!!!!**************
MatchedObject:(HTMLObject)[-1]
HighLighted
OnMouseEvent
No such pattern: ValuePattern
SeleniumRecorderAction:
{
  "action": "record",
  "evt": {
    "event": "Click",
    "flavor": "Link",
    "name": "Dang nh?p",
    "text": "Dang nh?p",
    "xpath": "//li[@id='login-popup-header-form']/a[@href='#']",
    "opts": [],
    "description": "Click on Dang nh?p",
    "url": "https://www.hotdeal.vn/ho-chi-minh/",
    "title": "Hot Deal: C—ng mua chung theo nh¢m, mua deal khuy?n mai gi  r?",
    "object_type": null,
    "rect": {
      "x": 1316,
      "y": 205,
      "w": 64,
      "h": 15,
      "cx": 1298,
      "cy": 70,
      "visible": true,
      "partial": false,
      "devicePixelRatio": 1,
      "cxr": null,
      "cyr": null,
      "loading": null
    },
    "fullpath": "",
    "shadowRoot": false
  },
  "xpath": "//li[@id='login-popup-header-form']/a[@href='#']",
  "frame": ""
}
###Action[2]:Click on Dang nh?p
Attempt: 1 obj at point:  HWND at point 1158, 315: Chrome Legacy Window[Chrome_RenderWidgetHostHWND] PID:6048
************!!!!!!!!!!!!!!!!!!**************
MatchedObject:Hot Deal: C—ng mua chung theo nh¢m, mua deal khuy?n mai gi  r?(HTMLObject)[-1]
HighLighted
OnMouseEvent
SeleniumRecorderAction:
{
  "action": "record",
  "evt": {
    "event": "Click",
    "flavor": "Text",
    "name": "user_login",
    "text": "",
    "xpath": "//input[@id='user_login' and @name='user_login' and @placeholder='Tˆn dang nh?p' and @type='text']",
    "opts": [],
    "description": "Click on user_login",
    "url": "https://www.hotdeal.vn/ho-chi-minh/",
    "title": "Hot Deal: C—ng mua chung theo nh¢m, mua deal khuy?n mai gi  r?",
    "object_type": null,
    "rect": {
      "x": 1089,
      "y": 298,
      "w": 275,
      "h": 34,
      "cx": 1071,
      "cy": 163,
      "visible": true,
      "partial": false,
      "devicePixelRatio": 1,
      "cxr": null,
      "cyr": null,
      "loading": null
    },
    "fullpath": "",
    "shadowRoot": false
  },
  "xpath": "//input[@id='user_login' and @name='user_login' and @placeholder='Tˆn dang nh?p' and @type='text']",
  "frame": ""
}
###Action[3]:Click on user_login
SeleniumRecorderAction:
{
  "action": "record",
  "evt": {
    "event": "Click",
    "flavor": "Generic",
    "name": "LI",
    "text": "\n        \n            DANG NH?P\n        \n        \n            \n                \n                    \n                   ...",
    "xpath": "//ul[@id='login-popup-header']/li",
    "opts": [],
    "description": "Click on LI",
    "url": "https://www.hotdeal.vn/ho-chi-minh/",
    "title": "Hot Deal: C—ng mua chung theo nh¢m, mua deal khuy?n mai gi  r?",
    "object_type": null,
    "rect": {
      "x": 1031,
      "y": 241,
      "w": 348,
      "h": 358,
      "cx": 1013,
      "cy": 106,
      "visible": true,
      "partial": true,
      "behind": true,
      "devicePixelRatio": 1,
      "cxr": null,
      "cyr": null,
      "loading": null
    },
    "fullpath": "",
    "shadowRoot": false
  },
  "xpath": "//ul[@id='login-popup-header']/li",
  "frame": ""
}
###Action[4]:Click on LI
Attempt: 1 obj at point:  HWND at point 1195, 366: Chrome Legacy Window[Chrome_RenderWidgetHostHWND] PID:6048
************!!!!!!!!!!!!!!!!!!**************
MatchedObject:Hot Deal: C—ng mua chung theo nh¢m, mua deal khuy?n mai gi  r?(HTMLObject)[-1]
HighLighted
OnMouseEvent
SeleniumRecorderAction:
{
  "action": "record",
  "evt": {
    "event": "SetText",
    "flavor": "Text",
    "name": "user_login",
    "text": "",
    "xpath": "//input[@id='user_login' and @name='user_login' and @placeholder='Tˆn dang nh?p' and @type='text']",
    "opts": "fdsfd@gmail.com",
    "description": "Set Text fdsfd@gmail.com in user_login",
    "url": "https://www.hotdeal.vn/ho-chi-minh/",
    "title": "Hot Deal: C—ng mua chung theo nh¢m, mua deal khuy?n mai gi  r?",
    "object_type": null,
    "rect": {
      "x": 1089,
      "y": 298,
      "w": 275,
      "h": 34,
      "cx": 1071,
      "cy": 163,
      "visible": true,
      "partial": false,
      "devicePixelRatio": 1,
      "cxr": null,
      "cyr": null,
      "loading": null
    },
    "fullpath": "",
    "shadowRoot": false
  },
  "xpath": "//input[@id='user_login' and @name='user_login' and @placeholder='Tˆn dang nh?p' and @type='text']",
  "frame": ""
}
###Action[5]:Set Text fdsfd@gmail.com in user_login
SeleniumRecorderAction:
{
  "action": "record",
  "evt": {
    "event": "Click",
    "flavor": "Text",
    "name": "password",
    "text": "",
    "xpath": "//div[2]/div/input[@id='password' and @name='password' and @placeholder='M?t kh?u' and @type='password']",
    "opts": [],
    "description": "Click on password",
    "url": "https://www.hotdeal.vn/ho-chi-minh/",
    "title": "Hot Deal: C—ng mua chung theo nh¢m, mua deal khuy?n mai gi  r?",
    "object_type": null,
    "rect": {
      "x": 1089,
      "y": 342,
      "w": 275,
      "h": 34,
      "cx": 1071,
      "cy": 207,
      "visible": true,
      "partial": false,
      "devicePixelRatio": 1,
      "cxr": null,
      "cyr": null,
      "loading": null
    },
    "fullpath": "",
    "shadowRoot": false
  },
  "xpath": "//div[2]/div/input[@id='password' and @name='password' and @placeholder='M?t kh?u' and @type='password']",
  "frame": ""
}
###Action[6]:Click on password
Attempt: 1 obj at point:  HWND at point 1155, 437: Chrome Legacy Window[Chrome_RenderWidgetHostHWND] PID:6048
************!!!!!!!!!!!!!!!!!!**************
MatchedObject:Hot Deal: C—ng mua chung theo nh¢m, mua deal khuy?n mai gi  r?(HTMLObject)[-1]
HighLighted
OnMouseEvent
SeleniumRecorderAction:
{
  "action": "record",
  "evt": {
    "event": "SetText",
    "flavor": "Text",
    "name": "password",
    "text": "",
    "xpath": "//div[2]/div/input[@id='password' and @name='password' and @placeholder='M?t kh?u' and @type='password']",
    "opts": "FzZfPVS4wp5z@6S",
    "description": "Set Text FzZfPVS4wp5z@6S in password",
    "url": "https://www.hotdeal.vn/ho-chi-minh/",
    "title": "Hot Deal: C—ng mua chung theo nh¢m, mua deal khuy?n mai gi  r?",
    "object_type": null,
    "rect": {
      "x": 1089,
      "y": 342,
      "w": 275,
      "h": 34,
      "cx": 1071,
      "cy": 207,
      "visible": true,
      "partial": false,
      "devicePixelRatio": 1,
      "cxr": null,
      "cyr": null,
      "loading": null
    },
    "fullpath": "",
    "shadowRoot": false
  },
  "xpath": "//div[2]/div/input[@id='password' and @name='password' and @placeholder='M?t kh?u' and @type='password']",
  "frame": ""
}
###Action[7]:Set Text FzZfPVS4wp5z@6S in password
SeleniumRecorderAction:
{
  "action": "record",
  "evt": {
    "event": "Click",
    "flavor": "Button",
    "name": "DANG NH?P",
    "text": "DANG NH?P",
    "xpath": "//ul[@id='login-popup-header']/li/div[2]/form[@id='login-form-popup']/div[4]/button[@type='submit']",
    "opts": [],
    "description": "Click on DANG NH?P",
    "url": "https://www.hotdeal.vn/ho-chi-minh/",
    "title": "Hot Deal: C—ng mua chung theo nh¢m, mua deal khuy?n mai gi  r?",
    "object_type": null,
    "rect": {
      "x": 1046,
      "y": 420,
      "w": 318,
      "h": 40,
      "cx": 1028,
      "cy": 285,
      "visible": true,
      "partial": false,
      "devicePixelRatio": 1,
      "cxr": null,
      "cyr": null,
      "loading": null
    },
    "fullpath": "",
    "shadowRoot": false
  },
  "xpath": "//ul[@id='login-popup-header']/li/div[2]/form[@id='login-form-popup']/div[4]/button[@type='submit']",
  "frame": ""
}
###Action[8]:Click on DANG NH?P
Done:65919
RVL steps serialized as: C:\Users\LQA\Documents\My Rapise Tests\PoM/\LoginPass\Main.rvl.xlsx.json
Wrote script to:C:\Users\LQA\Documents\My Rapise Tests\PoM\LoginPass\Main.js
All Done, bailing out
